<?xml version="1.0" encoding="UTF-8"?>
<!-- Generated by org.testng.reporters.JUnitXMLReporter -->
<testsuite ignored="0" hostname="Prithvi-Acer-1" failures="0" tests="16" name="Test Maven Testing" time="0.077" errors="0" timestamp="2024-04-09T11:48:20 IST">
  <testcase classname="com.qa.test.JavaDemo" name="div" time="0.011"/>
  <testcase classname="com.qa.test.JavaDemo" name="multiplier" time="0.001"/>
  <testcase classname="com.qa.test.JavaDemo" name="sub" time="0.001"/>
  <testcase classname="com.qa.test.JavaDemo" name="sum" time="0.0"/>
  <testcase classname="com.qa.test.JavaDemo2" name="div" time="0.0"/>
  <testcase classname="com.qa.test.JavaDemo2" name="multiplier" time="0.001"/>
  <testcase classname="com.qa.test.JavaDemo2" name="sub" time="0.001"/>
  <testcase classname="com.qa.test.JavaDemo2" name="sum" time="0.001"/>
  <testcase classname="com.qa.test.JavaDemo3" name="div" time="0.001"/>
  <testcase classname="com.qa.test.JavaDemo3" name="multiplier" time="0.001"/>
  <testcase classname="com.qa.test.JavaDemo3" name="sub" time="0.001"/>
  <testcase classname="com.qa.test.JavaDemo3" name="sum" time="0.0"/>
  <testcase classname="com.qa.test.JavaDemo4" name="div" time="0.001"/>
  <testcase classname="com.qa.test.JavaDemo4" name="multiplier" time="0.0"/>
  <testcase classname="com.qa.test.JavaDemo4" name="sub" time="0.0"/>
  <testcase classname="com.qa.test.JavaDemo4" name="sum" time="0.001"/>
</testsuite> <!-- Test Maven Testing -->
