<?xml version="1.0" encoding="UTF-8"?>
<!-- Generated by org.testng.reporters.JUnitXMLReporter -->
<testsuite ignored="0" hostname="Prithvi-Acer-1" failures="0" tests="4" name="Default test" time="49.472" errors="0" timestamp="2024-04-11T08:59:15 IST">
  <testcase classname="com.qa.test.TestNGDataProviderDemo" name="faceBookLogin" time="4.29"/>
  <testcase classname="com.qa.test.TestNGDataProviderDemo" name="faceBookLogin" time="4.265"/>
  <testcase classname="com.qa.test.TestNGDataProviderDemo" name="faceBookLogin" time="4.289"/>
  <testcase classname="com.qa.test.TestNGDataProviderDemo" name="faceBookLogin" time="4.276"/>
</testsuite> <!-- Default test -->
