<?xml version="1.0" encoding="UTF-8"?>
<!-- Generated by org.testng.reporters.JUnitXMLReporter -->
<testsuite ignored="3" hostname="Prithvi-Acer-1" failures="0" tests="1" name="Default test" time="0.049" errors="0" timestamp="2024-04-09T00:45:52 IST">
  <testcase classname="com.qa.test.JavaDemo" name="sub" time="0.009"/>
  <testcase classname="com.qa.test.JavaDemo" name="sum" time="0.0">
    <ignored/>
  </testcase> <!-- sum -->
  <testcase classname="com.qa.test.JavaDemo" name="div" time="0.0">
    <ignored/>
  </testcase> <!-- div -->
  <testcase classname="com.qa.test.JavaDemo" name="multiplier" time="0.0">
    <ignored/>
  </testcase> <!-- multiplier -->
</testsuite> <!-- Default test -->
