<?xml version="1.0" encoding="UTF-8"?>
<testng-results ignored="0" total="12" passed="12" failed="0" skipped="0">
  <reporter-output>
  </reporter-output>
  <suite started-at="2024-04-09T01:46:00 IST" name="Test Maven Suite" finished-at="2024-04-09T01:46:00 IST" duration-ms="60">
    <groups>
    </groups>
    <test started-at="2024-04-09T01:46:00 IST" name="Test Maven Testing" finished-at="2024-04-09T01:46:00 IST" duration-ms="60">
      <class name="com.qa.test.JavaDemo3">
        <test-method signature="div()[pri:0, instance:com.qa.test.JavaDemo3@188715b5]" started-at="2024-04-09T01:46:00 IST" name="div" finished-at="2024-04-09T01:46:00 IST" duration-ms="0" status="PASS">
          <reporter-output>
          </reporter-output>
        </test-method> <!-- div -->
        <test-method signature="multiplier()[pri:0, instance:com.qa.test.JavaDemo3@188715b5]" started-at="2024-04-09T01:46:00 IST" name="multiplier" finished-at="2024-04-09T01:46:00 IST" duration-ms="0" status="PASS">
          <reporter-output>
          </reporter-output>
        </test-method> <!-- multiplier -->
        <test-method signature="sub()[pri:0, instance:com.qa.test.JavaDemo3@188715b5]" started-at="2024-04-09T01:46:00 IST" name="sub" finished-at="2024-04-09T01:46:00 IST" duration-ms="0" status="PASS">
          <reporter-output>
          </reporter-output>
        </test-method> <!-- sub -->
        <test-method signature="sum()[pri:0, instance:com.qa.test.JavaDemo3@188715b5]" started-at="2024-04-09T01:46:00 IST" name="sum" finished-at="2024-04-09T01:46:00 IST" duration-ms="0" status="PASS">
          <reporter-output>
          </reporter-output>
        </test-method> <!-- sum -->
      </class> <!-- com.qa.test.JavaDemo3 -->
      <class name="com.qa.test.JavaDemo2">
        <test-method signature="div()[pri:0, instance:com.qa.test.JavaDemo2@2f7298b]" started-at="2024-04-09T01:46:00 IST" name="div" finished-at="2024-04-09T01:46:00 IST" duration-ms="0" status="PASS">
          <reporter-output>
          </reporter-output>
        </test-method> <!-- div -->
        <test-method signature="multiplier()[pri:0, instance:com.qa.test.JavaDemo2@2f7298b]" started-at="2024-04-09T01:46:00 IST" name="multiplier" finished-at="2024-04-09T01:46:00 IST" duration-ms="1" status="PASS">
          <reporter-output>
          </reporter-output>
        </test-method> <!-- multiplier -->
        <test-method signature="sum()[pri:0, instance:com.qa.test.JavaDemo2@2f7298b]" started-at="2024-04-09T01:46:00 IST" name="sum" finished-at="2024-04-09T01:46:00 IST" duration-ms="0" status="PASS">
          <reporter-output>
          </reporter-output>
        </test-method> <!-- sum -->
        <test-method signature="sub()[pri:0, instance:com.qa.test.JavaDemo2@2f7298b]" started-at="2024-04-09T01:46:00 IST" name="sub" finished-at="2024-04-09T01:46:00 IST" duration-ms="0" status="PASS">
          <reporter-output>
          </reporter-output>
        </test-method> <!-- sub -->
      </class> <!-- com.qa.test.JavaDemo2 -->
      <class name="com.qa.test.JavaDemo">
        <test-method signature="div()[pri:0, instance:com.qa.test.JavaDemo@2c767a52]" started-at="2024-04-09T01:46:00 IST" name="div" finished-at="2024-04-09T01:46:00 IST" duration-ms="4" status="PASS">
          <reporter-output>
          </reporter-output>
        </test-method> <!-- div -->
        <test-method signature="multiplier()[pri:0, instance:com.qa.test.JavaDemo@2c767a52]" started-at="2024-04-09T01:46:00 IST" name="multiplier" finished-at="2024-04-09T01:46:00 IST" duration-ms="0" status="PASS">
          <reporter-output>
          </reporter-output>
        </test-method> <!-- multiplier -->
        <test-method signature="sub()[pri:0, instance:com.qa.test.JavaDemo@2c767a52]" started-at="2024-04-09T01:46:00 IST" name="sub" finished-at="2024-04-09T01:46:00 IST" duration-ms="0" status="PASS">
          <reporter-output>
          </reporter-output>
        </test-method> <!-- sub -->
        <test-method signature="sum()[pri:0, instance:com.qa.test.JavaDemo@2c767a52]" started-at="2024-04-09T01:46:00 IST" name="sum" finished-at="2024-04-09T01:46:00 IST" duration-ms="0" status="PASS">
          <reporter-output>
          </reporter-output>
        </test-method> <!-- sum -->
      </class> <!-- com.qa.test.JavaDemo -->
    </test> <!-- Test Maven Testing -->
  </suite> <!-- Test Maven Suite -->
</testng-results>
