<?xml version="1.0" encoding="UTF-8"?>
<testng-results ignored="0" total="16" passed="16" failed="0" skipped="0">
  <reporter-output>
  </reporter-output>
  <suite started-at="2024-04-09T11:48:20 IST" name="Test Maven Suite" finished-at="2024-04-09T11:48:20 IST" duration-ms="77">
    <groups>
    </groups>
    <test started-at="2024-04-09T11:48:20 IST" name="Test Maven Testing" finished-at="2024-04-09T11:48:20 IST" duration-ms="77">
      <class name="com.qa.test.JavaDemo3">
        <test-method signature="div()[pri:0, instance:com.qa.test.JavaDemo3@7bab3f1a]" started-at="2024-04-09T11:48:20 IST" name="div" finished-at="2024-04-09T11:48:20 IST" duration-ms="1" status="PASS">
          <reporter-output>
          </reporter-output>
        </test-method> <!-- div -->
        <test-method signature="multiplier()[pri:0, instance:com.qa.test.JavaDemo3@7bab3f1a]" started-at="2024-04-09T11:48:20 IST" name="multiplier" finished-at="2024-04-09T11:48:20 IST" duration-ms="1" status="PASS">
          <reporter-output>
          </reporter-output>
        </test-method> <!-- multiplier -->
        <test-method signature="sub()[pri:0, instance:com.qa.test.JavaDemo3@7bab3f1a]" started-at="2024-04-09T11:48:20 IST" name="sub" finished-at="2024-04-09T11:48:20 IST" duration-ms="1" status="PASS">
          <reporter-output>
          </reporter-output>
        </test-method> <!-- sub -->
        <test-method signature="sum()[pri:0, instance:com.qa.test.JavaDemo3@7bab3f1a]" started-at="2024-04-09T11:48:20 IST" name="sum" finished-at="2024-04-09T11:48:20 IST" duration-ms="0" status="PASS">
          <reporter-output>
          </reporter-output>
        </test-method> <!-- sum -->
      </class> <!-- com.qa.test.JavaDemo3 -->
      <class name="com.qa.test.JavaDemo2">
        <test-method signature="div()[pri:0, instance:com.qa.test.JavaDemo2@36916eb0]" started-at="2024-04-09T11:48:20 IST" name="div" finished-at="2024-04-09T11:48:20 IST" duration-ms="0" status="PASS">
          <reporter-output>
          </reporter-output>
        </test-method> <!-- div -->
        <test-method signature="multiplier()[pri:0, instance:com.qa.test.JavaDemo2@36916eb0]" started-at="2024-04-09T11:48:20 IST" name="multiplier" finished-at="2024-04-09T11:48:20 IST" duration-ms="1" status="PASS">
          <reporter-output>
          </reporter-output>
        </test-method> <!-- multiplier -->
        <test-method signature="sub()[pri:0, instance:com.qa.test.JavaDemo2@36916eb0]" started-at="2024-04-09T11:48:20 IST" name="sub" finished-at="2024-04-09T11:48:20 IST" duration-ms="1" status="PASS">
          <reporter-output>
          </reporter-output>
        </test-method> <!-- sub -->
        <test-method signature="sum()[pri:0, instance:com.qa.test.JavaDemo2@36916eb0]" started-at="2024-04-09T11:48:20 IST" name="sum" finished-at="2024-04-09T11:48:20 IST" duration-ms="1" status="PASS">
          <reporter-output>
          </reporter-output>
        </test-method> <!-- sum -->
      </class> <!-- com.qa.test.JavaDemo2 -->
      <class name="com.qa.test.JavaDemo4">
        <test-method signature="div()[pri:0, instance:com.qa.test.JavaDemo4@437da279]" started-at="2024-04-09T11:48:20 IST" name="div" finished-at="2024-04-09T11:48:20 IST" duration-ms="1" status="PASS">
          <reporter-output>
          </reporter-output>
        </test-method> <!-- div -->
        <test-method signature="multiplier()[pri:0, instance:com.qa.test.JavaDemo4@437da279]" started-at="2024-04-09T11:48:20 IST" name="multiplier" finished-at="2024-04-09T11:48:20 IST" duration-ms="0" status="PASS">
          <reporter-output>
          </reporter-output>
        </test-method> <!-- multiplier -->
        <test-method signature="sub()[pri:0, instance:com.qa.test.JavaDemo4@437da279]" started-at="2024-04-09T11:48:20 IST" name="sub" finished-at="2024-04-09T11:48:20 IST" duration-ms="0" status="PASS">
          <reporter-output>
          </reporter-output>
        </test-method> <!-- sub -->
        <test-method signature="sum()[pri:0, instance:com.qa.test.JavaDemo4@437da279]" started-at="2024-04-09T11:48:20 IST" name="sum" finished-at="2024-04-09T11:48:20 IST" duration-ms="1" status="PASS">
          <reporter-output>
          </reporter-output>
        </test-method> <!-- sum -->
      </class> <!-- com.qa.test.JavaDemo4 -->
      <class name="com.qa.test.JavaDemo">
        <test-method signature="div()[pri:0, instance:com.qa.test.JavaDemo@2805d709]" started-at="2024-04-09T11:48:20 IST" name="div" finished-at="2024-04-09T11:48:20 IST" duration-ms="11" status="PASS">
          <reporter-output>
          </reporter-output>
        </test-method> <!-- div -->
        <test-method signature="multiplier()[pri:0, instance:com.qa.test.JavaDemo@2805d709]" started-at="2024-04-09T11:48:20 IST" name="multiplier" finished-at="2024-04-09T11:48:20 IST" duration-ms="1" status="PASS">
          <reporter-output>
          </reporter-output>
        </test-method> <!-- multiplier -->
        <test-method signature="sub()[pri:0, instance:com.qa.test.JavaDemo@2805d709]" started-at="2024-04-09T11:48:20 IST" name="sub" finished-at="2024-04-09T11:48:20 IST" duration-ms="1" status="PASS">
          <reporter-output>
          </reporter-output>
        </test-method> <!-- sub -->
        <test-method signature="sum()[pri:0, instance:com.qa.test.JavaDemo@2805d709]" started-at="2024-04-09T11:48:20 IST" name="sum" finished-at="2024-04-09T11:48:20 IST" duration-ms="0" status="PASS">
          <reporter-output>
          </reporter-output>
        </test-method> <!-- sum -->
      </class> <!-- com.qa.test.JavaDemo -->
    </test> <!-- Test Maven Testing -->
  </suite> <!-- Test Maven Suite -->
</testng-results>
