<?xml version="1.0" encoding="UTF-8"?>
<testsuite xmlns:xsi="http://www.w3.org/2001/XMLSchema-instance" xsi:noNamespaceSchemaLocation="https://maven.apache.org/surefire/maven-surefire-plugin/xsd/surefire-test-report-3.0.xsd" version="3.0" name="TestSuite" time="0.545" tests="12" errors="0" skipped="0" failures="0">
  <properties>
[...]
</properties>
  <testcase name="div" classname="com.qa.test.JavaDemo" time="0.005">
    <system-out><![CDATA[JavaDemo Div ran successfully with result: 2
]]></system-out>
    <system-err><![CDATA[SLF4J: Failed to load class "org.slf4j.impl.StaticLoggerBinder".
SLF4J: Defaulting to no-operation (NOP) logger implementation
SLF4J: See http://www.slf4j.org/codes.html#StaticLoggerBinder for further details.
]]></system-err>
  </testcase>
  <testcase name="multiplier" classname="com.qa.test.JavaDemo" time="0.005">
    <system-out><![CDATA[JavaDemo Multipler ran successfully with result: 200
]]></system-out>
  </testcase>
  <testcase name="sub" classname="com.qa.test.JavaDemo" time="0.0">
    <system-out><![CDATA[JavaDemo Sub ran successfully with result: 10
]]></system-out>
  </testcase>
  <testcase name="sum" classname="com.qa.test.JavaDemo" time="0.005">
    <system-out><![CDATA[JavaDemo Sum ran successfully with result: 30
]]></system-out>
  </testcase>
  <testcase name="div" classname="com.qa.test.JavaDemo2" time="0.006">
    <system-out><![CDATA[JavaDemo2 Div ran successfully with result: 2
]]></system-out>
  </testcase>
  <testcase name="multiplier" classname="com.qa.test.JavaDemo2" time="0.0">
    <system-out><![CDATA[JavaDemo2 Multipler ran successfully with result: 200
]]></system-out>
  </testcase>
  <testcase name="sub" classname="com.qa.test.JavaDemo2" time="0.0">
    <system-out><![CDATA[JavaDemo2 Sub ran successfully with result: 10
]]></system-out>
  </testcase>
  <testcase name="sum" classname="com.qa.test.JavaDemo2" time="0.004">
    <system-out><![CDATA[JavaDemo2 Sum ran successfully with result: 30
]]></system-out>
  </testcase>
  <testcase name="div" classname="com.qa.test.JavaDemo3" time="0.0">
    <system-out><![CDATA[JavaDemo3 Div ran successfully with result: 2
]]></system-out>
  </testcase>
  <testcase name="multiplier" classname="com.qa.test.JavaDemo3" time="0.005">
    <system-out><![CDATA[JavaDemo3 Multipler ran successfully with result: 200
]]></system-out>
  </testcase>
  <testcase name="sub" classname="com.qa.test.JavaDemo3" time="0.0">
    <system-out><![CDATA[JavaDemo3 Sub ran successfully with result: 10
]]></system-out>
  </testcase>
  <testcase name="sum" classname="com.qa.test.JavaDemo3" time="0.005">
    <system-out><![CDATA[JavaDemo3 Sum ran successfully with result: 30
]]></system-out>
  </testcase>
</testsuite>