<?xml version="1.0" encoding="UTF-8"?>
<testng-results ignored="0" total="4" passed="4" failed="0" skipped="0">
  <reporter-output>
  </reporter-output>
  <suite started-at="2024-04-11T09:01:15 IST" name="Test Maven Suite" finished-at="2024-04-11T09:02:03 IST" duration-ms="48020">
    <groups>
    </groups>
    <test started-at="2024-04-11T09:01:15 IST" name="Test Maven Testing" finished-at="2024-04-11T09:02:03 IST" duration-ms="48020">
      <class name="com.qa.test.TestNGDataProviderDemo">
        <test-method is-config="true" signature="setUp()[pri:0, instance:com.qa.test.TestNGDataProviderDemo@65c7a252]" started-at="2024-04-11T09:01:15 IST" name="setUp" finished-at="2024-04-11T09:01:18 IST" duration-ms="2929" status="PASS">
          <reporter-output>
          </reporter-output>
        </test-method> <!-- setUp -->
        <test-method signature="faceBookLogin(java.lang.String,java.lang.String)[pri:0, instance:com.qa.test.TestNGDataProviderDemo@65c7a252]" started-at="2024-04-11T09:01:18 IST" name="faceBookLogin" data-provider="getTestData" finished-at="2024-04-11T09:01:23 IST" duration-ms="4295" status="PASS">
          <params>
            <param index="0">
              <value>
                <![CDATA[abcd@test.com]]>
              </value>
            </param>
            <param index="1">
              <value>
                <![CDATA[abcd]]>
              </value>
            </param>
          </params>
          <reporter-output>
          </reporter-output>
        </test-method> <!-- faceBookLogin -->
        <test-method is-config="true" signature="tearDown()[pri:0, instance:com.qa.test.TestNGDataProviderDemo@65c7a252]" started-at="2024-04-11T09:01:23 IST" name="tearDown" finished-at="2024-04-11T09:01:28 IST" duration-ms="5135" status="PASS">
          <reporter-output>
          </reporter-output>
        </test-method> <!-- tearDown -->
        <test-method is-config="true" signature="setUp()[pri:0, instance:com.qa.test.TestNGDataProviderDemo@65c7a252]" started-at="2024-04-11T09:01:28 IST" name="setUp" finished-at="2024-04-11T09:01:30 IST" duration-ms="2269" status="PASS">
          <reporter-output>
          </reporter-output>
        </test-method> <!-- setUp -->
        <test-method signature="faceBookLogin(java.lang.String,java.lang.String)[pri:0, instance:com.qa.test.TestNGDataProviderDemo@65c7a252]" started-at="2024-04-11T09:01:30 IST" name="faceBookLogin" data-provider="getTestData" finished-at="2024-04-11T09:01:34 IST" duration-ms="4276" status="PASS">
          <params>
            <param index="0">
              <value>
                <![CDATA[efgh@test.ccom]]>
              </value>
            </param>
            <param index="1">
              <value>
                <![CDATA[efgh]]>
              </value>
            </param>
          </params>
          <reporter-output>
          </reporter-output>
        </test-method> <!-- faceBookLogin -->
        <test-method is-config="true" signature="tearDown()[pri:0, instance:com.qa.test.TestNGDataProviderDemo@65c7a252]" started-at="2024-04-11T09:01:34 IST" name="tearDown" finished-at="2024-04-11T09:01:39 IST" duration-ms="5111" status="PASS">
          <reporter-output>
          </reporter-output>
        </test-method> <!-- tearDown -->
        <test-method is-config="true" signature="setUp()[pri:0, instance:com.qa.test.TestNGDataProviderDemo@65c7a252]" started-at="2024-04-11T09:01:39 IST" name="setUp" finished-at="2024-04-11T09:01:42 IST" duration-ms="2201" status="PASS">
          <reporter-output>
          </reporter-output>
        </test-method> <!-- setUp -->
        <test-method signature="faceBookLogin(java.lang.String,java.lang.String)[pri:0, instance:com.qa.test.TestNGDataProviderDemo@65c7a252]" started-at="2024-04-11T09:01:42 IST" name="faceBookLogin" data-provider="getTestData" finished-at="2024-04-11T09:01:46 IST" duration-ms="4294" status="PASS">
          <params>
            <param index="0">
              <value>
                <![CDATA[ijkl@test.com]]>
              </value>
            </param>
            <param index="1">
              <value>
                <![CDATA[ijkl]]>
              </value>
            </param>
          </params>
          <reporter-output>
          </reporter-output>
        </test-method> <!-- faceBookLogin -->
        <test-method is-config="true" signature="tearDown()[pri:0, instance:com.qa.test.TestNGDataProviderDemo@65c7a252]" started-at="2024-04-11T09:01:46 IST" name="tearDown" finished-at="2024-04-11T09:01:51 IST" duration-ms="5147" status="PASS">
          <reporter-output>
          </reporter-output>
        </test-method> <!-- tearDown -->
        <test-method is-config="true" signature="setUp()[pri:0, instance:com.qa.test.TestNGDataProviderDemo@65c7a252]" started-at="2024-04-11T09:01:51 IST" name="setUp" finished-at="2024-04-11T09:01:53 IST" duration-ms="2325" status="PASS">
          <reporter-output>
          </reporter-output>
        </test-method> <!-- setUp -->
        <test-method signature="faceBookLogin(java.lang.String,java.lang.String)[pri:0, instance:com.qa.test.TestNGDataProviderDemo@65c7a252]" started-at="2024-04-11T09:01:53 IST" name="faceBookLogin" data-provider="getTestData" finished-at="2024-04-11T09:01:58 IST" duration-ms="4258" status="PASS">
          <params>
            <param index="0">
              <value>
                <![CDATA[mnop@test.com]]>
              </value>
            </param>
            <param index="1">
              <value>
                <![CDATA[mnop]]>
              </value>
            </param>
          </params>
          <reporter-output>
          </reporter-output>
        </test-method> <!-- faceBookLogin -->
        <test-method is-config="true" signature="tearDown()[pri:0, instance:com.qa.test.TestNGDataProviderDemo@65c7a252]" started-at="2024-04-11T09:01:58 IST" name="tearDown" finished-at="2024-04-11T09:02:03 IST" duration-ms="5143" status="PASS">
          <reporter-output>
          </reporter-output>
        </test-method> <!-- tearDown -->
      </class> <!-- com.qa.test.TestNGDataProviderDemo -->
    </test> <!-- Test Maven Testing -->
  </suite> <!-- Test Maven Suite -->
</testng-results>
