<?xml version="1.0" encoding="UTF-8"?>
<testng-results ignored="0" total="1" passed="1" failed="0" skipped="0">
  <reporter-output>
  </reporter-output>
  <suite started-at="2024-04-10T02:03:50 IST" name="Default suite" finished-at="2024-04-10T02:04:03 IST" duration-ms="12858">
    <groups>
    </groups>
    <test started-at="2024-04-10T02:03:50 IST" name="Default test" finished-at="2024-04-10T02:04:03 IST" duration-ms="12858">
      <class name="com.qa.test.GoogleTest">
        <test-method is-config="true" signature="setUp()[pri:0, instance:com.qa.test.GoogleTest@428640fa]" started-at="2024-04-10T02:03:50 IST" name="setUp" finished-at="2024-04-10T02:03:52 IST" duration-ms="1687" status="PASS">
          <reporter-output>
          </reporter-output>
        </test-method> <!-- setUp -->
        <test-method signature="getTitleTest()[pri:0, instance:com.qa.test.GoogleTest@428640fa]" started-at="2024-04-10T02:03:52 IST" name="getTitleTest" finished-at="2024-04-10T02:03:53 IST" duration-ms="1015" status="PASS">
          <reporter-output>
          </reporter-output>
        </test-method> <!-- getTitleTest -->
        <test-method is-config="true" signature="tearDown()[pri:0, instance:com.qa.test.GoogleTest@428640fa]" started-at="2024-04-10T02:03:53 IST" name="tearDown" finished-at="2024-04-10T02:04:03 IST" duration-ms="10112" status="PASS">
          <reporter-output>
          </reporter-output>
        </test-method> <!-- tearDown -->
      </class> <!-- com.qa.test.GoogleTest -->
    </test> <!-- Default test -->
  </suite> <!-- Default suite -->
</testng-results>
