<?xml version="1.0" encoding="UTF-8"?>
<!-- Generated by org.testng.reporters.JUnitXMLReporter -->
<testsuite ignored="0" hostname="Prithvi-Acer-1" failures="0" tests="8" name="Test Maven Testing" time="0.076" errors="0" timestamp="2024-04-09T01:41:44 IST">
  <testcase classname="com.qa.test.JavaDemo2" name="div" time="0.012"/>
  <testcase classname="com.qa.test.JavaDemo2" name="multiplier" time="0.002"/>
  <testcase classname="com.qa.test.JavaDemo2" name="sub" time="0.002"/>
  <testcase classname="com.qa.test.JavaDemo2" name="sum" time="0.001"/>
  <testcase classname="com.qa.test.JavaDemo" name="div" time="0.001"/>
  <testcase classname="com.qa.test.JavaDemo" name="multiplier" time="0.001"/>
  <testcase classname="com.qa.test.JavaDemo" name="sub" time="0.001"/>
  <testcase classname="com.qa.test.JavaDemo" name="sum" time="0.001"/>
</testsuite> <!-- Test Maven Testing -->
