<?xml version="1.0" encoding="UTF-8"?>
<!-- Generated by org.testng.reporters.JUnitXMLReporter -->
<testsuite ignored="0" hostname="Prithvi-Acer-1" failures="0" tests="4" name="Test Maven Testing" time="48.02" errors="0" timestamp="2024-04-11T09:02:03 IST">
  <testcase classname="com.qa.test.TestNGDataProviderDemo" name="faceBookLogin" time="4.295"/>
  <testcase classname="com.qa.test.TestNGDataProviderDemo" name="faceBookLogin" time="4.276"/>
  <testcase classname="com.qa.test.TestNGDataProviderDemo" name="faceBookLogin" time="4.294"/>
  <testcase classname="com.qa.test.TestNGDataProviderDemo" name="faceBookLogin" time="4.258"/>
</testsuite> <!-- Test Maven Testing -->
